<fig:dictionary xmlns:fig="http://figdice.org/" language="fr" >
  <entry key="my-key">Ma chaÃ®ne traduite</entry>
</fig:dictionary>

